running develop
running egg_info
creating anveshika_camera.egg-info
writing anveshika_camera.egg-info/PKG-INFO
writing dependency_links to anveshika_camera.egg-info/dependency_links.txt
writing entry points to anveshika_camera.egg-info/entry_points.txt
writing requirements to anveshika_camera.egg-info/requires.txt
writing top-level names to anveshika_camera.egg-info/top_level.txt
writing manifest file 'anveshika_camera.egg-info/SOURCES.txt'
reading manifest file 'anveshika_camera.egg-info/SOURCES.txt'
writing manifest file 'anveshika_camera.egg-info/SOURCES.txt'
running build_ext
Creating /home/kb/Anveshika/Anveshika_ws/install/anveshika_camera/lib/python3.10/site-packages/anveshika-camera.egg-link (link to .)
Installing aruco_reader_node script to /home/kb/Anveshika/Anveshika_ws/install/anveshika_camera/lib/anveshika_camera
Installing camera_streamer script to /home/kb/Anveshika/Anveshika_ws/install/anveshika_camera/lib/anveshika_camera

Installed /home/kb/Anveshika/Anveshika_ws/build/anveshika_camera
running symlink_data
creating /home/kb/Anveshika/Anveshika_ws/install/anveshika_camera/share/ament_index
creating /home/kb/Anveshika/Anveshika_ws/install/anveshika_camera/share/ament_index/resource_index
creating /home/kb/Anveshika/Anveshika_ws/install/anveshika_camera/share/ament_index/resource_index/packages
symbolically linking /home/kb/Anveshika/Anveshika_ws/build/anveshika_camera/resource/anveshika_camera -> /home/kb/Anveshika/Anveshika_ws/install/anveshika_camera/share/ament_index/resource_index/packages
symbolically linking /home/kb/Anveshika/Anveshika_ws/build/anveshika_camera/package.xml -> /home/kb/Anveshika/Anveshika_ws/install/anveshika_camera/share/anveshika_camera
