[2.515s] Invoking command in '/home/kb/Anveshika/Anveshika_ws/build/anveshika_arm': PYTHONPATH=/home/kb/Anveshika/Anveshika_ws/build/anveshika_arm/prefix_override:/usr/lib/python3/dist-packages/colcon_core/task/python/colcon_distutils_commands:/home/kb/Anveshika/Anveshika_ws/install/anveshika_arm/lib/python3.10/site-packages:${PYTHONPATH} /usr/bin/python3 -W ignore:setup.py install is deprecated -W ignore:easy_install command is deprecated setup.py develop --editable --build-directory /home/kb/Anveshika/Anveshika_ws/build/anveshika_arm/build --no-deps symlink_data
[3.088s] running develop
[3.513s] running egg_info
[3.513s] creating anveshika_arm.egg-info
[3.514s] writing anveshika_arm.egg-info/PKG-INFO
[3.514s] writing dependency_links to anveshika_arm.egg-info/dependency_links.txt
[3.514s] writing entry points to anveshika_arm.egg-info/entry_points.txt
[3.517s] writing requirements to anveshika_arm.egg-info/requires.txt
[3.517s] writing top-level names to anveshika_arm.egg-info/top_level.txt
[3.517s] writing manifest file 'anveshika_arm.egg-info/SOURCES.txt'
[3.519s] reading manifest file 'anveshika_arm.egg-info/SOURCES.txt'
[3.520s] writing manifest file 'anveshika_arm.egg-info/SOURCES.txt'
[3.523s] running build_ext
[3.524s] Creating /home/kb/Anveshika/Anveshika_ws/install/anveshika_arm/lib/python3.10/site-packages/anveshika-arm.egg-link (link to .)
[3.524s] Installing arm_node script to /home/kb/Anveshika/Anveshika_ws/install/anveshika_arm/lib/anveshika_arm
[3.524s] 
[3.525s] Installed /home/kb/Anveshika/Anveshika_ws/build/anveshika_arm
[3.525s] running symlink_data
[3.525s] creating /home/kb/Anveshika/Anveshika_ws/install/anveshika_arm/share/ament_index
[3.525s] creating /home/kb/Anveshika/Anveshika_ws/install/anveshika_arm/share/ament_index/resource_index
[3.525s] creating /home/kb/Anveshika/Anveshika_ws/install/anveshika_arm/share/ament_index/resource_index/packages
[3.525s] symbolically linking /home/kb/Anveshika/Anveshika_ws/build/anveshika_arm/resource/anveshika_arm -> /home/kb/Anveshika/Anveshika_ws/install/anveshika_arm/share/ament_index/resource_index/packages
[3.525s] symbolically linking /home/kb/Anveshika/Anveshika_ws/build/anveshika_arm/package.xml -> /home/kb/Anveshika/Anveshika_ws/install/anveshika_arm/share/anveshika_arm
[3.653s] Invoked command in '/home/kb/Anveshika/Anveshika_ws/build/anveshika_arm' returned '0': PYTHONPATH=/home/kb/Anveshika/Anveshika_ws/build/anveshika_arm/prefix_override:/usr/lib/python3/dist-packages/colcon_core/task/python/colcon_distutils_commands:/home/kb/Anveshika/Anveshika_ws/install/anveshika_arm/lib/python3.10/site-packages:${PYTHONPATH} /usr/bin/python3 -W ignore:setup.py install is deprecated -W ignore:easy_install command is deprecated setup.py develop --editable --build-directory /home/kb/Anveshika/Anveshika_ws/build/anveshika_arm/build --no-deps symlink_data
