running develop
running egg_info
creating anveshika_modes.egg-info
writing anveshika_modes.egg-info/PKG-INFO
writing dependency_links to anveshika_modes.egg-info/dependency_links.txt
writing entry points to anveshika_modes.egg-info/entry_points.txt
writing requirements to anveshika_modes.egg-info/requires.txt
writing top-level names to anveshika_modes.egg-info/top_level.txt
writing manifest file 'anveshika_modes.egg-info/SOURCES.txt'
reading manifest file 'anveshika_modes.egg-info/SOURCES.txt'
writing manifest file 'anveshika_modes.egg-info/SOURCES.txt'
running build_ext
Creating /home/kb/Anveshika/Anveshika_ws/install/anveshika_modes/lib/python3.10/site-packages/anveshika-modes.egg-link (link to .)
Installing modes_node script to /home/kb/Anveshika/Anveshika_ws/install/anveshika_modes/lib/anveshika_modes

Installed /home/kb/Anveshika/Anveshika_ws/build/anveshika_modes
running symlink_data
creating /home/kb/Anveshika/Anveshika_ws/install/anveshika_modes/share/ament_index
creating /home/kb/Anveshika/Anveshika_ws/install/anveshika_modes/share/ament_index/resource_index
creating /home/kb/Anveshika/Anveshika_ws/install/anveshika_modes/share/ament_index/resource_index/packages
symbolically linking /home/kb/Anveshika/Anveshika_ws/build/anveshika_modes/resource/anveshika_modes -> /home/kb/Anveshika/Anveshika_ws/install/anveshika_modes/share/ament_index/resource_index/packages
symbolically linking /home/kb/Anveshika/Anveshika_ws/build/anveshika_modes/package.xml -> /home/kb/Anveshika/Anveshika_ws/install/anveshika_modes/share/anveshika_modes
