[4.173s] Invoking command in '/home/kb/Anveshika/Anveshika_ws/build/anveshika_modes': PYTHONPATH=/home/kb/Anveshika/Anveshika_ws/build/anveshika_modes/prefix_override:/usr/lib/python3/dist-packages/colcon_core/task/python/colcon_distutils_commands:/home/kb/Anveshika/Anveshika_ws/install/anveshika_modes/lib/python3.10/site-packages:${PYTHONPATH} /usr/bin/python3 -W ignore:setup.py install is deprecated -W ignore:easy_install command is deprecated setup.py develop --editable --build-directory /home/kb/Anveshika/Anveshika_ws/build/anveshika_modes/build --no-deps symlink_data
[4.882s] running develop
[5.377s] running egg_info
[5.378s] creating anveshika_modes.egg-info
[5.379s] writing anveshika_modes.egg-info/PKG-INFO
[5.380s] writing dependency_links to anveshika_modes.egg-info/dependency_links.txt
[5.380s] writing entry points to anveshika_modes.egg-info/entry_points.txt
[5.380s] writing requirements to anveshika_modes.egg-info/requires.txt
[5.380s] writing top-level names to anveshika_modes.egg-info/top_level.txt
[5.380s] writing manifest file 'anveshika_modes.egg-info/SOURCES.txt'
[5.383s] reading manifest file 'anveshika_modes.egg-info/SOURCES.txt'
[5.384s] writing manifest file 'anveshika_modes.egg-info/SOURCES.txt'
[5.391s] running build_ext
[5.391s] Creating /home/kb/Anveshika/Anveshika_ws/install/anveshika_modes/lib/python3.10/site-packages/anveshika-modes.egg-link (link to .)
[5.393s] Installing modes_node script to /home/kb/Anveshika/Anveshika_ws/install/anveshika_modes/lib/anveshika_modes
[5.393s] 
[5.394s] Installed /home/kb/Anveshika/Anveshika_ws/build/anveshika_modes
[5.394s] running symlink_data
[5.394s] creating /home/kb/Anveshika/Anveshika_ws/install/anveshika_modes/share/ament_index
[5.394s] creating /home/kb/Anveshika/Anveshika_ws/install/anveshika_modes/share/ament_index/resource_index
[5.394s] creating /home/kb/Anveshika/Anveshika_ws/install/anveshika_modes/share/ament_index/resource_index/packages
[5.394s] symbolically linking /home/kb/Anveshika/Anveshika_ws/build/anveshika_modes/resource/anveshika_modes -> /home/kb/Anveshika/Anveshika_ws/install/anveshika_modes/share/ament_index/resource_index/packages
[5.396s] symbolically linking /home/kb/Anveshika/Anveshika_ws/build/anveshika_modes/package.xml -> /home/kb/Anveshika/Anveshika_ws/install/anveshika_modes/share/anveshika_modes
[5.533s] Invoked command in '/home/kb/Anveshika/Anveshika_ws/build/anveshika_modes' returned '0': PYTHONPATH=/home/kb/Anveshika/Anveshika_ws/build/anveshika_modes/prefix_override:/usr/lib/python3/dist-packages/colcon_core/task/python/colcon_distutils_commands:/home/kb/Anveshika/Anveshika_ws/install/anveshika_modes/lib/python3.10/site-packages:${PYTHONPATH} /usr/bin/python3 -W ignore:setup.py install is deprecated -W ignore:easy_install command is deprecated setup.py develop --editable --build-directory /home/kb/Anveshika/Anveshika_ws/build/anveshika_modes/build --no-deps symlink_data
