[0.077s] Invoking command in '/home/kb/Anveshika/Anveshika_ws/build/anveshika_bringup': CMAKE_PREFIX_PATH=/home/kb/Anveshika/Anveshika_ws/install/anveshika_description:/home/kb/ydlidar_ws/install/ydlidar_ros2_driver:/home/kb/Anveshika/Anveshika_ws/install/dm_preview:/home/kb/Anveshika/Anveshika_ws/install/anveshika_bringup:/home/kb/Anveshika/Anveshika_ws/install/slam_lidar:/home/kb/Anveshika/Anveshika_ws/install/anveshika_telemetry:/home/kb/Anveshika/Anveshika_ws/install/anveshika_swerve_controller:/home/kb/Anveshika/Anveshika_ws/install/anveshika_detection:/home/kb/Anveshika/Anveshika_ws/install/anveshika_arm:/opt/ros/humble /usr/bin/cmake --build /home/kb/Anveshika/Anveshika_ws/build/anveshika_bringup -- -j8 -l8
[0.167s] Invoked command in '/home/kb/Anveshika/Anveshika_ws/build/anveshika_bringup' returned '0': CMAKE_PREFIX_PATH=/home/kb/Anveshika/Anveshika_ws/install/anveshika_description:/home/kb/ydlidar_ws/install/ydlidar_ros2_driver:/home/kb/Anveshika/Anveshika_ws/install/dm_preview:/home/kb/Anveshika/Anveshika_ws/install/anveshika_bringup:/home/kb/Anveshika/Anveshika_ws/install/slam_lidar:/home/kb/Anveshika/Anveshika_ws/install/anveshika_telemetry:/home/kb/Anveshika/Anveshika_ws/install/anveshika_swerve_controller:/home/kb/Anveshika/Anveshika_ws/install/anveshika_detection:/home/kb/Anveshika/Anveshika_ws/install/anveshika_arm:/opt/ros/humble /usr/bin/cmake --build /home/kb/Anveshika/Anveshika_ws/build/anveshika_bringup -- -j8 -l8
[0.175s] Invoking command in '/home/kb/Anveshika/Anveshika_ws/build/anveshika_bringup': CMAKE_PREFIX_PATH=/home/kb/Anveshika/Anveshika_ws/install/anveshika_description:/home/kb/ydlidar_ws/install/ydlidar_ros2_driver:/home/kb/Anveshika/Anveshika_ws/install/dm_preview:/home/kb/Anveshika/Anveshika_ws/install/anveshika_bringup:/home/kb/Anveshika/Anveshika_ws/install/slam_lidar:/home/kb/Anveshika/Anveshika_ws/install/anveshika_telemetry:/home/kb/Anveshika/Anveshika_ws/install/anveshika_swerve_controller:/home/kb/Anveshika/Anveshika_ws/install/anveshika_detection:/home/kb/Anveshika/Anveshika_ws/install/anveshika_arm:/opt/ros/humble /usr/bin/cmake --install /home/kb/Anveshika/Anveshika_ws/build/anveshika_bringup
[0.197s] -- Install configuration: ""
[0.200s] -- Execute custom install script
[0.201s] -- Up-to-date symlink: /home/kb/Anveshika/Anveshika_ws/install/anveshika_bringup/share/anveshika_bringup//launch/anveshika.launch.xml
[0.201s] -- Up-to-date symlink: /home/kb/Anveshika/Anveshika_ws/install/anveshika_bringup/share/anveshika_bringup//launch/anveshika.py
[0.201s] -- Up-to-date symlink: /home/kb/Anveshika/Anveshika_ws/install/anveshika_bringup/share/anveshika_bringup//launch/anveshika_gazebo.launch.xml
[0.201s] -- Up-to-date symlink: /home/kb/Anveshika/Anveshika_ws/install/anveshika_bringup/share/anveshika_bringup//rviz/urdf_config.rviz
[0.206s] -- Up-to-date symlink: /home/kb/Anveshika/Anveshika_ws/install/anveshika_bringup/share/ament_index/resource_index/package_run_dependencies/anveshika_bringup
[0.207s] -- Up-to-date symlink: /home/kb/Anveshika/Anveshika_ws/install/anveshika_bringup/share/ament_index/resource_index/parent_prefix_path/anveshika_bringup
[0.208s] -- Up-to-date symlink: /home/kb/Anveshika/Anveshika_ws/install/anveshika_bringup/share/anveshika_bringup/environment/ament_prefix_path.sh
[0.208s] -- Up-to-date symlink: /home/kb/Anveshika/Anveshika_ws/install/anveshika_bringup/share/anveshika_bringup/environment/ament_prefix_path.dsv
[0.208s] -- Up-to-date symlink: /home/kb/Anveshika/Anveshika_ws/install/anveshika_bringup/share/anveshika_bringup/environment/path.sh
[0.209s] -- Up-to-date symlink: /home/kb/Anveshika/Anveshika_ws/install/anveshika_bringup/share/anveshika_bringup/environment/path.dsv
[0.213s] -- Up-to-date symlink: /home/kb/Anveshika/Anveshika_ws/install/anveshika_bringup/share/anveshika_bringup/local_setup.bash
[0.214s] -- Up-to-date symlink: /home/kb/Anveshika/Anveshika_ws/install/anveshika_bringup/share/anveshika_bringup/local_setup.sh
[0.215s] -- Up-to-date symlink: /home/kb/Anveshika/Anveshika_ws/install/anveshika_bringup/share/anveshika_bringup/local_setup.zsh
[0.216s] -- Up-to-date symlink: /home/kb/Anveshika/Anveshika_ws/install/anveshika_bringup/share/anveshika_bringup/local_setup.dsv
[0.217s] -- Symlinking: /home/kb/Anveshika/Anveshika_ws/install/anveshika_bringup/share/anveshika_bringup/package.dsv
[0.243s] -- Up-to-date symlink: /home/kb/Anveshika/Anveshika_ws/install/anveshika_bringup/share/ament_index/resource_index/packages/anveshika_bringup
[0.243s] -- Up-to-date symlink: /home/kb/Anveshika/Anveshika_ws/install/anveshika_bringup/share/anveshika_bringup/cmake/anveshika_bringupConfig.cmake
[0.245s] -- Up-to-date symlink: /home/kb/Anveshika/Anveshika_ws/install/anveshika_bringup/share/anveshika_bringup/cmake/anveshika_bringupConfig-version.cmake
[0.246s] -- Up-to-date symlink: /home/kb/Anveshika/Anveshika_ws/install/anveshika_bringup/share/anveshika_bringup/package.xml
[0.254s] Invoked command in '/home/kb/Anveshika/Anveshika_ws/build/anveshika_bringup' returned '0': CMAKE_PREFIX_PATH=/home/kb/Anveshika/Anveshika_ws/install/anveshika_description:/home/kb/ydlidar_ws/install/ydlidar_ros2_driver:/home/kb/Anveshika/Anveshika_ws/install/dm_preview:/home/kb/Anveshika/Anveshika_ws/install/anveshika_bringup:/home/kb/Anveshika/Anveshika_ws/install/slam_lidar:/home/kb/Anveshika/Anveshika_ws/install/anveshika_telemetry:/home/kb/Anveshika/Anveshika_ws/install/anveshika_swerve_controller:/home/kb/Anveshika/Anveshika_ws/install/anveshika_detection:/home/kb/Anveshika/Anveshika_ws/install/anveshika_arm:/opt/ros/humble /usr/bin/cmake --install /home/kb/Anveshika/Anveshika_ws/build/anveshika_bringup
