[2.469s] Invoking command in '/home/kb/Anveshika/Anveshika_ws/build/anveshika_detection': PYTHONPATH=/home/kb/Anveshika/Anveshika_ws/build/anveshika_detection/prefix_override:/usr/lib/python3/dist-packages/colcon_core/task/python/colcon_distutils_commands:/home/kb/Anveshika/Anveshika_ws/install/anveshika_detection/lib/python3.10/site-packages:${PYTHONPATH} /usr/bin/python3 -W ignore:setup.py install is deprecated -W ignore:easy_install command is deprecated setup.py develop --editable --build-directory /home/kb/Anveshika/Anveshika_ws/build/anveshika_detection/build --no-deps symlink_data
[3.035s] running develop
[3.458s] running egg_info
[3.458s] creating anveshika_detection.egg-info
[3.458s] writing anveshika_detection.egg-info/PKG-INFO
[3.459s] writing dependency_links to anveshika_detection.egg-info/dependency_links.txt
[3.459s] writing entry points to anveshika_detection.egg-info/entry_points.txt
[3.459s] writing requirements to anveshika_detection.egg-info/requires.txt
[3.460s] writing top-level names to anveshika_detection.egg-info/top_level.txt
[3.460s] writing manifest file 'anveshika_detection.egg-info/SOURCES.txt'
[3.464s] reading manifest file 'anveshika_detection.egg-info/SOURCES.txt'
[3.465s] writing manifest file 'anveshika_detection.egg-info/SOURCES.txt'
[3.469s] running build_ext
[3.469s] Creating /home/kb/Anveshika/Anveshika_ws/install/anveshika_detection/lib/python3.10/site-packages/anveshika-detection.egg-link (link to .)
[3.471s] Installing detection_node script to /home/kb/Anveshika/Anveshika_ws/install/anveshika_detection/lib/anveshika_detection
[3.471s] Installing mode_node script to /home/kb/Anveshika/Anveshika_ws/install/anveshika_detection/lib/anveshika_detection
[3.471s] 
[3.471s] Installed /home/kb/Anveshika/Anveshika_ws/build/anveshika_detection
[3.471s] running symlink_data
[3.471s] creating /home/kb/Anveshika/Anveshika_ws/install/anveshika_detection/share/ament_index
[3.472s] creating /home/kb/Anveshika/Anveshika_ws/install/anveshika_detection/share/ament_index/resource_index
[3.472s] creating /home/kb/Anveshika/Anveshika_ws/install/anveshika_detection/share/ament_index/resource_index/packages
[3.472s] symbolically linking /home/kb/Anveshika/Anveshika_ws/build/anveshika_detection/resource/anveshika_detection -> /home/kb/Anveshika/Anveshika_ws/install/anveshika_detection/share/ament_index/resource_index/packages
[3.472s] symbolically linking /home/kb/Anveshika/Anveshika_ws/build/anveshika_detection/package.xml -> /home/kb/Anveshika/Anveshika_ws/install/anveshika_detection/share/anveshika_detection
[3.472s] creating /home/kb/Anveshika/Anveshika_ws/install/anveshika_detection/share/anveshika_detection/params
[3.472s] symbolically linking /home/kb/Anveshika/Anveshika_ws/build/anveshika_detection/params/realsense.yaml -> /home/kb/Anveshika/Anveshika_ws/install/anveshika_detection/share/anveshika_detection/params/
[3.554s] Invoked command in '/home/kb/Anveshika/Anveshika_ws/build/anveshika_detection' returned '0': PYTHONPATH=/home/kb/Anveshika/Anveshika_ws/build/anveshika_detection/prefix_override:/usr/lib/python3/dist-packages/colcon_core/task/python/colcon_distutils_commands:/home/kb/Anveshika/Anveshika_ws/install/anveshika_detection/lib/python3.10/site-packages:${PYTHONPATH} /usr/bin/python3 -W ignore:setup.py install is deprecated -W ignore:easy_install command is deprecated setup.py develop --editable --build-directory /home/kb/Anveshika/Anveshika_ws/build/anveshika_detection/build --no-deps symlink_data
