running develop
running egg_info
creating anveshika_telemetry.egg-info
writing anveshika_telemetry.egg-info/PKG-INFO
writing dependency_links to anveshika_telemetry.egg-info/dependency_links.txt
writing entry points to anveshika_telemetry.egg-info/entry_points.txt
writing requirements to anveshika_telemetry.egg-info/requires.txt
writing top-level names to anveshika_telemetry.egg-info/top_level.txt
writing manifest file 'anveshika_telemetry.egg-info/SOURCES.txt'
reading manifest file 'anveshika_telemetry.egg-info/SOURCES.txt'
writing manifest file 'anveshika_telemetry.egg-info/SOURCES.txt'
running build_ext
Creating /home/kb/Anveshika/Anveshika_ws/install/anveshika_telemetry/lib/python3.10/site-packages/anveshika-telemetry.egg-link (link to .)
Installing telemetry_node script to /home/kb/Anveshika/Anveshika_ws/install/anveshika_telemetry/lib/anveshika_telemetry

Installed /home/kb/Anveshika/Anveshika_ws/build/anveshika_telemetry
running symlink_data
creating /home/kb/Anveshika/Anveshika_ws/install/anveshika_telemetry/share/ament_index
creating /home/kb/Anveshika/Anveshika_ws/install/anveshika_telemetry/share/ament_index/resource_index
creating /home/kb/Anveshika/Anveshika_ws/install/anveshika_telemetry/share/ament_index/resource_index/packages
symbolically linking /home/kb/Anveshika/Anveshika_ws/build/anveshika_telemetry/resource/anveshika_telemetry -> /home/kb/Anveshika/Anveshika_ws/install/anveshika_telemetry/share/ament_index/resource_index/packages
symbolically linking /home/kb/Anveshika/Anveshika_ws/build/anveshika_telemetry/package.xml -> /home/kb/Anveshika/Anveshika_ws/install/anveshika_telemetry/share/anveshika_telemetry
