[2.513s] Invoking command in '/home/kb/Anveshika/Anveshika_ws/build/anveshika_telemetry': PYTHONPATH=/home/kb/Anveshika/Anveshika_ws/build/anveshika_telemetry/prefix_override:/usr/lib/python3/dist-packages/colcon_core/task/python/colcon_distutils_commands:/home/kb/Anveshika/Anveshika_ws/install/anveshika_telemetry/lib/python3.10/site-packages:${PYTHONPATH} /usr/bin/python3 -W ignore:setup.py install is deprecated -W ignore:easy_install command is deprecated setup.py develop --editable --build-directory /home/kb/Anveshika/Anveshika_ws/build/anveshika_telemetry/build --no-deps symlink_data
[3.320s] running develop
[3.463s] running egg_info
[3.463s] creating anveshika_telemetry.egg-info
[3.464s] writing anveshika_telemetry.egg-info/PKG-INFO
[3.464s] writing dependency_links to anveshika_telemetry.egg-info/dependency_links.txt
[3.464s] writing entry points to anveshika_telemetry.egg-info/entry_points.txt
[3.464s] writing requirements to anveshika_telemetry.egg-info/requires.txt
[3.464s] writing top-level names to anveshika_telemetry.egg-info/top_level.txt
[3.464s] writing manifest file 'anveshika_telemetry.egg-info/SOURCES.txt'
[3.466s] reading manifest file 'anveshika_telemetry.egg-info/SOURCES.txt'
[3.467s] writing manifest file 'anveshika_telemetry.egg-info/SOURCES.txt'
[3.471s] running build_ext
[3.471s] Creating /home/kb/Anveshika/Anveshika_ws/install/anveshika_telemetry/lib/python3.10/site-packages/anveshika-telemetry.egg-link (link to .)
[3.471s] Installing telemetry_node script to /home/kb/Anveshika/Anveshika_ws/install/anveshika_telemetry/lib/anveshika_telemetry
[3.471s] 
[3.471s] Installed /home/kb/Anveshika/Anveshika_ws/build/anveshika_telemetry
[3.471s] running symlink_data
[3.472s] creating /home/kb/Anveshika/Anveshika_ws/install/anveshika_telemetry/share/ament_index
[3.472s] creating /home/kb/Anveshika/Anveshika_ws/install/anveshika_telemetry/share/ament_index/resource_index
[3.472s] creating /home/kb/Anveshika/Anveshika_ws/install/anveshika_telemetry/share/ament_index/resource_index/packages
[3.472s] symbolically linking /home/kb/Anveshika/Anveshika_ws/build/anveshika_telemetry/resource/anveshika_telemetry -> /home/kb/Anveshika/Anveshika_ws/install/anveshika_telemetry/share/ament_index/resource_index/packages
[3.472s] symbolically linking /home/kb/Anveshika/Anveshika_ws/build/anveshika_telemetry/package.xml -> /home/kb/Anveshika/Anveshika_ws/install/anveshika_telemetry/share/anveshika_telemetry
[3.572s] Invoked command in '/home/kb/Anveshika/Anveshika_ws/build/anveshika_telemetry' returned '0': PYTHONPATH=/home/kb/Anveshika/Anveshika_ws/build/anveshika_telemetry/prefix_override:/usr/lib/python3/dist-packages/colcon_core/task/python/colcon_distutils_commands:/home/kb/Anveshika/Anveshika_ws/install/anveshika_telemetry/lib/python3.10/site-packages:${PYTHONPATH} /usr/bin/python3 -W ignore:setup.py install is deprecated -W ignore:easy_install command is deprecated setup.py develop --editable --build-directory /home/kb/Anveshika/Anveshika_ws/build/anveshika_telemetry/build --no-deps symlink_data
