[0.055s] Invoking command in '/home/kb/Anveshika/Anveshika_ws/build/anveshika_bringup': CMAKE_PREFIX_PATH=/home/kb/Anveshika/Anveshika_ws/install/anveshika_description:/home/kb/Anveshika/Anveshika_ws/install/dm_preview:/home/kb/Anveshika/Anveshika_ws/install/anveshika_bringup:/home/kb/ydlidar_ws/install/ydlidar_ros2_driver:/home/kb/Anveshika/Anveshika_ws/install/slam_lidar:/home/kb/Anveshika/Anveshika_ws/install/anveshika_telemetry:/home/kb/Anveshika/Anveshika_ws/install/anveshika_swerve_controller:/home/kb/Anveshika/Anveshika_ws/install/anveshika_modes:/home/kb/Anveshika/Anveshika_ws/install/anveshika_detection:/home/kb/Anveshika/Anveshika_ws/install/anveshika_camera:/home/kb/Anveshika/Anveshika_ws/install/anveshika_arm:/opt/ros/humble /usr/bin/cmake --build /home/kb/Anveshika/Anveshika_ws/build/anveshika_bringup -- -j8 -l8
[1.093s] Invoked command in '/home/kb/Anveshika/Anveshika_ws/build/anveshika_bringup' returned '0': CMAKE_PREFIX_PATH=/home/kb/Anveshika/Anveshika_ws/install/anveshika_description:/home/kb/Anveshika/Anveshika_ws/install/dm_preview:/home/kb/Anveshika/Anveshika_ws/install/anveshika_bringup:/home/kb/ydlidar_ws/install/ydlidar_ros2_driver:/home/kb/Anveshika/Anveshika_ws/install/slam_lidar:/home/kb/Anveshika/Anveshika_ws/install/anveshika_telemetry:/home/kb/Anveshika/Anveshika_ws/install/anveshika_swerve_controller:/home/kb/Anveshika/Anveshika_ws/install/anveshika_modes:/home/kb/Anveshika/Anveshika_ws/install/anveshika_detection:/home/kb/Anveshika/Anveshika_ws/install/anveshika_camera:/home/kb/Anveshika/Anveshika_ws/install/anveshika_arm:/opt/ros/humble /usr/bin/cmake --build /home/kb/Anveshika/Anveshika_ws/build/anveshika_bringup -- -j8 -l8
[1.095s] Invoking command in '/home/kb/Anveshika/Anveshika_ws/build/anveshika_bringup': CMAKE_PREFIX_PATH=/home/kb/Anveshika/Anveshika_ws/install/anveshika_description:/home/kb/Anveshika/Anveshika_ws/install/dm_preview:/home/kb/Anveshika/Anveshika_ws/install/anveshika_bringup:/home/kb/ydlidar_ws/install/ydlidar_ros2_driver:/home/kb/Anveshika/Anveshika_ws/install/slam_lidar:/home/kb/Anveshika/Anveshika_ws/install/anveshika_telemetry:/home/kb/Anveshika/Anveshika_ws/install/anveshika_swerve_controller:/home/kb/Anveshika/Anveshika_ws/install/anveshika_modes:/home/kb/Anveshika/Anveshika_ws/install/anveshika_detection:/home/kb/Anveshika/Anveshika_ws/install/anveshika_camera:/home/kb/Anveshika/Anveshika_ws/install/anveshika_arm:/opt/ros/humble /usr/bin/cmake --install /home/kb/Anveshika/Anveshika_ws/build/anveshika_bringup
[1.119s] -- Install configuration: ""
[1.119s] -- Execute custom install script
[1.119s] -- Up-to-date symlink: /home/kb/Anveshika/Anveshika_ws/install/anveshika_bringup/share/anveshika_bringup//launch/anveshika.launch.xml
[1.119s] -- Up-to-date symlink: /home/kb/Anveshika/Anveshika_ws/install/anveshika_bringup/share/anveshika_bringup//launch/anveshika.py
[1.120s] -- Up-to-date symlink: /home/kb/Anveshika/Anveshika_ws/install/anveshika_bringup/share/anveshika_bringup//launch/anveshika_gazebo.launch.xml
[1.120s] -- Up-to-date symlink: /home/kb/Anveshika/Anveshika_ws/install/anveshika_bringup/share/anveshika_bringup//rviz/urdf_config.rviz
[1.122s] -- Up-to-date symlink: /home/kb/Anveshika/Anveshika_ws/install/anveshika_bringup/share/ament_index/resource_index/package_run_dependencies/anveshika_bringup
[1.122s] -- Up-to-date symlink: /home/kb/Anveshika/Anveshika_ws/install/anveshika_bringup/share/ament_index/resource_index/parent_prefix_path/anveshika_bringup
[1.122s] -- Up-to-date symlink: /home/kb/Anveshika/Anveshika_ws/install/anveshika_bringup/share/anveshika_bringup/environment/ament_prefix_path.sh
[1.122s] -- Up-to-date symlink: /home/kb/Anveshika/Anveshika_ws/install/anveshika_bringup/share/anveshika_bringup/environment/ament_prefix_path.dsv
[1.122s] -- Up-to-date symlink: /home/kb/Anveshika/Anveshika_ws/install/anveshika_bringup/share/anveshika_bringup/environment/path.sh
[1.124s] -- Up-to-date symlink: /home/kb/Anveshika/Anveshika_ws/install/anveshika_bringup/share/anveshika_bringup/environment/path.dsv
[1.124s] -- Up-to-date symlink: /home/kb/Anveshika/Anveshika_ws/install/anveshika_bringup/share/anveshika_bringup/local_setup.bash
[1.124s] -- Up-to-date symlink: /home/kb/Anveshika/Anveshika_ws/install/anveshika_bringup/share/anveshika_bringup/local_setup.sh
[1.124s] -- Up-to-date symlink: /home/kb/Anveshika/Anveshika_ws/install/anveshika_bringup/share/anveshika_bringup/local_setup.zsh
[1.124s] -- Up-to-date symlink: /home/kb/Anveshika/Anveshika_ws/install/anveshika_bringup/share/anveshika_bringup/local_setup.dsv
[1.124s] -- Symlinking: /home/kb/Anveshika/Anveshika_ws/install/anveshika_bringup/share/anveshika_bringup/package.dsv
[1.133s] -- Up-to-date symlink: /home/kb/Anveshika/Anveshika_ws/install/anveshika_bringup/share/ament_index/resource_index/packages/anveshika_bringup
[1.133s] -- Up-to-date symlink: /home/kb/Anveshika/Anveshika_ws/install/anveshika_bringup/share/anveshika_bringup/cmake/anveshika_bringupConfig.cmake
[1.134s] -- Up-to-date symlink: /home/kb/Anveshika/Anveshika_ws/install/anveshika_bringup/share/anveshika_bringup/cmake/anveshika_bringupConfig-version.cmake
[1.134s] -- Up-to-date symlink: /home/kb/Anveshika/Anveshika_ws/install/anveshika_bringup/share/anveshika_bringup/package.xml
[1.164s] Invoked command in '/home/kb/Anveshika/Anveshika_ws/build/anveshika_bringup' returned '0': CMAKE_PREFIX_PATH=/home/kb/Anveshika/Anveshika_ws/install/anveshika_description:/home/kb/Anveshika/Anveshika_ws/install/dm_preview:/home/kb/Anveshika/Anveshika_ws/install/anveshika_bringup:/home/kb/ydlidar_ws/install/ydlidar_ros2_driver:/home/kb/Anveshika/Anveshika_ws/install/slam_lidar:/home/kb/Anveshika/Anveshika_ws/install/anveshika_telemetry:/home/kb/Anveshika/Anveshika_ws/install/anveshika_swerve_controller:/home/kb/Anveshika/Anveshika_ws/install/anveshika_modes:/home/kb/Anveshika/Anveshika_ws/install/anveshika_detection:/home/kb/Anveshika/Anveshika_ws/install/anveshika_camera:/home/kb/Anveshika/Anveshika_ws/install/anveshika_arm:/opt/ros/humble /usr/bin/cmake --install /home/kb/Anveshika/Anveshika_ws/build/anveshika_bringup
