running develop
running egg_info
creating slam_lidar.egg-info
writing slam_lidar.egg-info/PKG-INFO
writing dependency_links to slam_lidar.egg-info/dependency_links.txt
writing entry points to slam_lidar.egg-info/entry_points.txt
writing requirements to slam_lidar.egg-info/requires.txt
writing top-level names to slam_lidar.egg-info/top_level.txt
writing manifest file 'slam_lidar.egg-info/SOURCES.txt'
reading manifest file 'slam_lidar.egg-info/SOURCES.txt'
writing manifest file 'slam_lidar.egg-info/SOURCES.txt'
running build_ext
Creating /home/kb/Anveshika/Anveshika_ws/install/slam_lidar/lib/python3.10/site-packages/slam-lidar.egg-link (link to .)
Installing driving_node script to /home/kb/Anveshika/Anveshika_ws/install/slam_lidar/lib/slam_lidar
Installing imu_node script to /home/kb/Anveshika/Anveshika_ws/install/slam_lidar/lib/slam_lidar
Installing mapping_node script to /home/kb/Anveshika/Anveshika_ws/install/slam_lidar/lib/slam_lidar
Installing navigation_node script to /home/kb/Anveshika/Anveshika_ws/install/slam_lidar/lib/slam_lidar

Installed /home/kb/Anveshika/Anveshika_ws/build/slam_lidar
running symlink_data
creating /home/kb/Anveshika/Anveshika_ws/install/slam_lidar/share/ament_index
creating /home/kb/Anveshika/Anveshika_ws/install/slam_lidar/share/ament_index/resource_index
creating /home/kb/Anveshika/Anveshika_ws/install/slam_lidar/share/ament_index/resource_index/packages
symbolically linking /home/kb/Anveshika/Anveshika_ws/build/slam_lidar/resource/slam_lidar -> /home/kb/Anveshika/Anveshika_ws/install/slam_lidar/share/ament_index/resource_index/packages
symbolically linking /home/kb/Anveshika/Anveshika_ws/build/slam_lidar/package.xml -> /home/kb/Anveshika/Anveshika_ws/install/slam_lidar/share/slam_lidar
creating /home/kb/Anveshika/Anveshika_ws/install/slam_lidar/share/slam_lidar/configuration
symbolically linking /home/kb/Anveshika/Anveshika_ws/build/slam_lidar/configuration/config.lua -> /home/kb/Anveshika/Anveshika_ws/install/slam_lidar/share/slam_lidar/configuration/
