[4.034s] Invoking command in '/home/kb/Anveshika/Anveshika_ws/build/slam_lidar': PYTHONPATH=/home/kb/Anveshika/Anveshika_ws/build/slam_lidar/prefix_override:/usr/lib/python3/dist-packages/colcon_core/task/python/colcon_distutils_commands:/home/kb/Anveshika/Anveshika_ws/install/slam_lidar/lib/python3.10/site-packages:${PYTHONPATH} /usr/bin/python3 -W ignore:setup.py install is deprecated -W ignore:easy_install command is deprecated setup.py develop --editable --build-directory /home/kb/Anveshika/Anveshika_ws/build/slam_lidar/build --no-deps symlink_data
[4.787s] running develop
[5.211s] running egg_info
[5.212s] writing slam_lidar.egg-info/PKG-INFO
[5.212s] writing dependency_links to slam_lidar.egg-info/dependency_links.txt
[5.212s] writing entry points to slam_lidar.egg-info/entry_points.txt
[5.213s] writing requirements to slam_lidar.egg-info/requires.txt
[5.213s] writing top-level names to slam_lidar.egg-info/top_level.txt
[5.214s] reading manifest file 'slam_lidar.egg-info/SOURCES.txt'
[5.220s] writing manifest file 'slam_lidar.egg-info/SOURCES.txt'
[5.222s] running build_ext
[5.223s] Creating /home/kb/Anveshika/Anveshika_ws/install/slam_lidar/lib/python3.10/site-packages/slam-lidar.egg-link (link to .)
[5.226s] Installing driving_node script to /home/kb/Anveshika/Anveshika_ws/install/slam_lidar/lib/slam_lidar
[5.226s] Installing imu_node script to /home/kb/Anveshika/Anveshika_ws/install/slam_lidar/lib/slam_lidar
[5.226s] Installing mapping_node script to /home/kb/Anveshika/Anveshika_ws/install/slam_lidar/lib/slam_lidar
[5.226s] Installing navigation_node script to /home/kb/Anveshika/Anveshika_ws/install/slam_lidar/lib/slam_lidar
[5.227s] 
[5.227s] Installed /home/kb/Anveshika/Anveshika_ws/build/slam_lidar
[5.227s] running symlink_data
[5.388s] Invoked command in '/home/kb/Anveshika/Anveshika_ws/build/slam_lidar' returned '0': PYTHONPATH=/home/kb/Anveshika/Anveshika_ws/build/slam_lidar/prefix_override:/usr/lib/python3/dist-packages/colcon_core/task/python/colcon_distutils_commands:/home/kb/Anveshika/Anveshika_ws/install/slam_lidar/lib/python3.10/site-packages:${PYTHONPATH} /usr/bin/python3 -W ignore:setup.py install is deprecated -W ignore:easy_install command is deprecated setup.py develop --editable --build-directory /home/kb/Anveshika/Anveshika_ws/build/slam_lidar/build --no-deps symlink_data
