-- Install configuration: ""
-- Execute custom install script
-- Up-to-date symlink: /home/kb/Anveshika/Anveshika_ws/install/anveshika_bringup/share/anveshika_bringup//launch/anveshika.launch.xml
-- Up-to-date symlink: /home/kb/Anveshika/Anveshika_ws/install/anveshika_bringup/share/anveshika_bringup//launch/anveshika.py
-- Up-to-date symlink: /home/kb/Anveshika/Anveshika_ws/install/anveshika_bringup/share/anveshika_bringup//launch/anveshika_gazebo.launch.xml
-- Up-to-date symlink: /home/kb/Anveshika/Anveshika_ws/install/anveshika_bringup/share/anveshika_bringup//rviz/urdf_config.rviz
-- Up-to-date symlink: /home/kb/Anveshika/Anveshika_ws/install/anveshika_bringup/share/ament_index/resource_index/package_run_dependencies/anveshika_bringup
-- Up-to-date symlink: /home/kb/Anveshika/Anveshika_ws/install/anveshika_bringup/share/ament_index/resource_index/parent_prefix_path/anveshika_bringup
-- Up-to-date symlink: /home/kb/Anveshika/Anveshika_ws/install/anveshika_bringup/share/anveshika_bringup/environment/ament_prefix_path.sh
-- Up-to-date symlink: /home/kb/Anveshika/Anveshika_ws/install/anveshika_bringup/share/anveshika_bringup/environment/ament_prefix_path.dsv
-- Up-to-date symlink: /home/kb/Anveshika/Anveshika_ws/install/anveshika_bringup/share/anveshika_bringup/environment/path.sh
-- Up-to-date symlink: /home/kb/Anveshika/Anveshika_ws/install/anveshika_bringup/share/anveshika_bringup/environment/path.dsv
-- Up-to-date symlink: /home/kb/Anveshika/Anveshika_ws/install/anveshika_bringup/share/anveshika_bringup/local_setup.bash
-- Up-to-date symlink: /home/kb/Anveshika/Anveshika_ws/install/anveshika_bringup/share/anveshika_bringup/local_setup.sh
-- Up-to-date symlink: /home/kb/Anveshika/Anveshika_ws/install/anveshika_bringup/share/anveshika_bringup/local_setup.zsh
-- Up-to-date symlink: /home/kb/Anveshika/Anveshika_ws/install/anveshika_bringup/share/anveshika_bringup/local_setup.dsv
-- Symlinking: /home/kb/Anveshika/Anveshika_ws/install/anveshika_bringup/share/anveshika_bringup/package.dsv
-- Up-to-date symlink: /home/kb/Anveshika/Anveshika_ws/install/anveshika_bringup/share/ament_index/resource_index/packages/anveshika_bringup
-- Up-to-date symlink: /home/kb/Anveshika/Anveshika_ws/install/anveshika_bringup/share/anveshika_bringup/cmake/anveshika_bringupConfig.cmake
-- Up-to-date symlink: /home/kb/Anveshika/Anveshika_ws/install/anveshika_bringup/share/anveshika_bringup/cmake/anveshika_bringupConfig-version.cmake
-- Up-to-date symlink: /home/kb/Anveshika/Anveshika_ws/install/anveshika_bringup/share/anveshika_bringup/package.xml
