running develop
running egg_info
creating anveshika_swerve_controller.egg-info
writing anveshika_swerve_controller.egg-info/PKG-INFO
writing dependency_links to anveshika_swerve_controller.egg-info/dependency_links.txt
writing entry points to anveshika_swerve_controller.egg-info/entry_points.txt
writing requirements to anveshika_swerve_controller.egg-info/requires.txt
writing top-level names to anveshika_swerve_controller.egg-info/top_level.txt
writing manifest file 'anveshika_swerve_controller.egg-info/SOURCES.txt'
reading manifest file 'anveshika_swerve_controller.egg-info/SOURCES.txt'
writing manifest file 'anveshika_swerve_controller.egg-info/SOURCES.txt'
running build_ext
Creating /home/kb/Anveshika/Anveshika_ws/install/anveshika_swerve_controller/lib/python3.10/site-packages/anveshika-swerve-controller.egg-link (link to .)
Installing swerve_controller script to /home/kb/Anveshika/Anveshika_ws/install/anveshika_swerve_controller/lib/anveshika_swerve_controller

Installed /home/kb/Anveshika/Anveshika_ws/build/anveshika_swerve_controller
running symlink_data
creating /home/kb/Anveshika/Anveshika_ws/install/anveshika_swerve_controller/share/ament_index
creating /home/kb/Anveshika/Anveshika_ws/install/anveshika_swerve_controller/share/ament_index/resource_index
creating /home/kb/Anveshika/Anveshika_ws/install/anveshika_swerve_controller/share/ament_index/resource_index/packages
symbolically linking /home/kb/Anveshika/Anveshika_ws/build/anveshika_swerve_controller/resource/anveshika_swerve_controller -> /home/kb/Anveshika/Anveshika_ws/install/anveshika_swerve_controller/share/ament_index/resource_index/packages
symbolically linking /home/kb/Anveshika/Anveshika_ws/build/anveshika_swerve_controller/package.xml -> /home/kb/Anveshika/Anveshika_ws/install/anveshika_swerve_controller/share/anveshika_swerve_controller
creating /home/kb/Anveshika/Anveshika_ws/install/anveshika_swerve_controller/share/anveshika_swerve_controller/launch
symbolically linking /home/kb/Anveshika/Anveshika_ws/build/anveshika_swerve_controller/launch/swerve_controller.launch.py -> /home/kb/Anveshika/Anveshika_ws/install/anveshika_swerve_controller/share/anveshika_swerve_controller/launch
creating /home/kb/Anveshika/Anveshika_ws/install/anveshika_swerve_controller/share/anveshika_swerve_controller/config
symbolically linking /home/kb/Anveshika/Anveshika_ws/build/anveshika_swerve_controller/config/swerve.yaml -> /home/kb/Anveshika/Anveshika_ws/install/anveshika_swerve_controller/share/anveshika_swerve_controller/config
