[0.016s] Invoking command in '/home/kb/Anveshika/Anveshika_ws/build/anveshika_bringup': AMENT_PREFIX_PATH=/home/kb/Anveshika/Anveshika_ws/install/anveshika_description:${AMENT_PREFIX_PATH} CMAKE_PREFIX_PATH=/home/kb/Anveshika/Anveshika_ws/install/anveshika_description:/opt/ros/humble /usr/bin/cmake /home/kb/Anveshika/Anveshika_ws/src/anveshika_bringup -DAMENT_CMAKE_SYMLINK_INSTALL=1 -DCMAKE_INSTALL_PREFIX=/home/kb/Anveshika/Anveshika_ws/install/anveshika_bringup
[0.155s] -- The C compiler identification is GNU 11.4.0
[0.268s] -- The CXX compiler identification is GNU 11.4.0
[0.280s] -- Detecting C compiler ABI info
[0.384s] -- Detecting C compiler ABI info - done
[0.394s] -- Check for working C compiler: /usr/bin/cc - skipped
[0.394s] -- Detecting C compile features
[0.394s] -- Detecting C compile features - done
[0.398s] -- Detecting CXX compiler ABI info
[0.523s] -- Detecting CXX compiler ABI info - done
[0.531s] -- Check for working CXX compiler: /usr/bin/c++ - skipped
[0.531s] -- Detecting CXX compile features
[0.532s] -- Detecting CXX compile features - done
[0.538s] -- Found ament_cmake: 1.3.10 (/opt/ros/humble/share/ament_cmake/cmake)
[0.785s] -- Found Python3: /usr/bin/python3 (found version "3.10.12") found components: Interpreter 
[0.885s] -- Override CMake install command with custom implementation using symlinks instead of copying resources
[1.031s] -- Configuring done
[1.034s] -- Generating done
[1.037s] -- Build files have been written to: /home/kb/Anveshika/Anveshika_ws/build/anveshika_bringup
[1.044s] Invoked command in '/home/kb/Anveshika/Anveshika_ws/build/anveshika_bringup' returned '0': AMENT_PREFIX_PATH=/home/kb/Anveshika/Anveshika_ws/install/anveshika_description:${AMENT_PREFIX_PATH} CMAKE_PREFIX_PATH=/home/kb/Anveshika/Anveshika_ws/install/anveshika_description:/opt/ros/humble /usr/bin/cmake /home/kb/Anveshika/Anveshika_ws/src/anveshika_bringup -DAMENT_CMAKE_SYMLINK_INSTALL=1 -DCMAKE_INSTALL_PREFIX=/home/kb/Anveshika/Anveshika_ws/install/anveshika_bringup
[1.045s] Invoking command in '/home/kb/Anveshika/Anveshika_ws/build/anveshika_bringup': AMENT_PREFIX_PATH=/home/kb/Anveshika/Anveshika_ws/install/anveshika_description:${AMENT_PREFIX_PATH} CMAKE_PREFIX_PATH=/home/kb/Anveshika/Anveshika_ws/install/anveshika_description:/opt/ros/humble /usr/bin/cmake --build /home/kb/Anveshika/Anveshika_ws/build/anveshika_bringup -- -j8 -l8
[1.290s] Invoked command in '/home/kb/Anveshika/Anveshika_ws/build/anveshika_bringup' returned '0': AMENT_PREFIX_PATH=/home/kb/Anveshika/Anveshika_ws/install/anveshika_description:${AMENT_PREFIX_PATH} CMAKE_PREFIX_PATH=/home/kb/Anveshika/Anveshika_ws/install/anveshika_description:/opt/ros/humble /usr/bin/cmake --build /home/kb/Anveshika/Anveshika_ws/build/anveshika_bringup -- -j8 -l8
[1.291s] Invoking command in '/home/kb/Anveshika/Anveshika_ws/build/anveshika_bringup': AMENT_PREFIX_PATH=/home/kb/Anveshika/Anveshika_ws/install/anveshika_description:${AMENT_PREFIX_PATH} CMAKE_PREFIX_PATH=/home/kb/Anveshika/Anveshika_ws/install/anveshika_description:/opt/ros/humble /usr/bin/cmake --install /home/kb/Anveshika/Anveshika_ws/build/anveshika_bringup
[1.302s] -- Install configuration: ""
[1.302s] -- Execute custom install script
[1.303s] -- Symlinking: /home/kb/Anveshika/Anveshika_ws/install/anveshika_bringup/share/anveshika_bringup//launch/anveshika.launch.xml
[1.321s] -- Symlinking: /home/kb/Anveshika/Anveshika_ws/install/anveshika_bringup/share/anveshika_bringup//launch/anveshika.py
[1.341s] -- Symlinking: /home/kb/Anveshika/Anveshika_ws/install/anveshika_bringup/share/anveshika_bringup//launch/anveshika_gazebo.launch.xml
[1.357s] -- Symlinking: /home/kb/Anveshika/Anveshika_ws/install/anveshika_bringup/share/anveshika_bringup//rviz/urdf_config.rviz
[1.370s] -- Symlinking: /home/kb/Anveshika/Anveshika_ws/install/anveshika_bringup/share/ament_index/resource_index/package_run_dependencies/anveshika_bringup
[1.383s] -- Symlinking: /home/kb/Anveshika/Anveshika_ws/install/anveshika_bringup/share/ament_index/resource_index/parent_prefix_path/anveshika_bringup
[1.395s] -- Symlinking: /home/kb/Anveshika/Anveshika_ws/install/anveshika_bringup/share/anveshika_bringup/environment/ament_prefix_path.sh
[1.405s] -- Symlinking: /home/kb/Anveshika/Anveshika_ws/install/anveshika_bringup/share/anveshika_bringup/environment/ament_prefix_path.dsv
[1.414s] -- Symlinking: /home/kb/Anveshika/Anveshika_ws/install/anveshika_bringup/share/anveshika_bringup/environment/path.sh
[1.422s] -- Symlinking: /home/kb/Anveshika/Anveshika_ws/install/anveshika_bringup/share/anveshika_bringup/environment/path.dsv
[1.430s] -- Symlinking: /home/kb/Anveshika/Anveshika_ws/install/anveshika_bringup/share/anveshika_bringup/local_setup.bash
[1.438s] -- Symlinking: /home/kb/Anveshika/Anveshika_ws/install/anveshika_bringup/share/anveshika_bringup/local_setup.sh
[1.447s] -- Symlinking: /home/kb/Anveshika/Anveshika_ws/install/anveshika_bringup/share/anveshika_bringup/local_setup.zsh
[1.457s] -- Symlinking: /home/kb/Anveshika/Anveshika_ws/install/anveshika_bringup/share/anveshika_bringup/local_setup.dsv
[1.467s] -- Symlinking: /home/kb/Anveshika/Anveshika_ws/install/anveshika_bringup/share/anveshika_bringup/package.dsv
[1.477s] -- Symlinking: /home/kb/Anveshika/Anveshika_ws/install/anveshika_bringup/share/ament_index/resource_index/packages/anveshika_bringup
[1.486s] -- Symlinking: /home/kb/Anveshika/Anveshika_ws/install/anveshika_bringup/share/anveshika_bringup/cmake/anveshika_bringupConfig.cmake
[1.494s] -- Symlinking: /home/kb/Anveshika/Anveshika_ws/install/anveshika_bringup/share/anveshika_bringup/cmake/anveshika_bringupConfig-version.cmake
[1.502s] -- Symlinking: /home/kb/Anveshika/Anveshika_ws/install/anveshika_bringup/share/anveshika_bringup/package.xml
[1.512s] Invoked command in '/home/kb/Anveshika/Anveshika_ws/build/anveshika_bringup' returned '0': AMENT_PREFIX_PATH=/home/kb/Anveshika/Anveshika_ws/install/anveshika_description:${AMENT_PREFIX_PATH} CMAKE_PREFIX_PATH=/home/kb/Anveshika/Anveshika_ws/install/anveshika_description:/opt/ros/humble /usr/bin/cmake --install /home/kb/Anveshika/Anveshika_ws/build/anveshika_bringup
