[35m[1mConsolidate compiler generated dependencies of target apc_camera_component[0m
[ 33%] Built target apc_camera_component
[35m[1mConsolidate compiler generated dependencies of target apc_camera_listener_node[0m
[35m[1mConsolidate compiler generated dependencies of target apc_camera_node[0m
[ 66%] Built target apc_camera_listener_node
[100%] Built target apc_camera_node
-- Install configuration: ""
-- Execute custom install script
-- Up-to-date symlink: /home/kb/Anveshika/Anveshika_ws/install/dm_preview/lib/dm_preview/apc_camera_listener_node
-- Up-to-date symlink: /home/kb/Anveshika/Anveshika_ws/install/dm_preview/lib/libapc_camera_component.so
-- Up-to-date symlink: /home/kb/Anveshika/Anveshika_ws/install/dm_preview/lib/dm_preview/apc_camera_node
-- Up-to-date symlink: /home/kb/Anveshika/Anveshika_ws/install/dm_preview/lib//Debug/libeys3d.NVIDIA_64.so
-- Up-to-date symlink: /home/kb/Anveshika/Anveshika_ws/install/dm_preview/lib//Debug/libeys3d.NVIDIA_64.so.d5be8506
-- Up-to-date symlink: /home/kb/Anveshika/Anveshika_ws/install/dm_preview/lib//Debug/libeys3d.X86_64.so
-- Up-to-date symlink: /home/kb/Anveshika/Anveshika_ws/install/dm_preview/lib//Debug/libeys3d.X86_64.so.d5be8506
-- Up-to-date symlink: /home/kb/Anveshika/Anveshika_ws/install/dm_preview/lib//eSPDI/Debug/libeSPDI_NVIDIA_64_debug.so
-- Up-to-date symlink: /home/kb/Anveshika/Anveshika_ws/install/dm_preview/lib//eSPDI/Debug/libeSPDI_NVIDIA_64_debug.so.5.0.1.37
-- Up-to-date symlink: /home/kb/Anveshika/Anveshika_ws/install/dm_preview/lib//eSPDI/Debug/libeSPDI_X86_64_debug.so
-- Up-to-date symlink: /home/kb/Anveshika/Anveshika_ws/install/dm_preview/lib//eSPDI/Debug/libeSPDI_X86_64_debug.so.5.0.1.37
-- Up-to-date symlink: /home/kb/Anveshika/Anveshika_ws/install/dm_preview/lib//eSPDI/OpenCL/x86_64/include/cl.h
-- Up-to-date symlink: /home/kb/Anveshika/Anveshika_ws/install/dm_preview/lib//eSPDI/OpenCL/x86_64/include/cl_d3d10.h
-- Up-to-date symlink: /home/kb/Anveshika/Anveshika_ws/install/dm_preview/lib//eSPDI/OpenCL/x86_64/include/cl_d3d11.h
-- Up-to-date symlink: /home/kb/Anveshika/Anveshika_ws/install/dm_preview/lib//eSPDI/OpenCL/x86_64/include/cl_dx9_media_sharing.h
-- Up-to-date symlink: /home/kb/Anveshika/Anveshika_ws/install/dm_preview/lib//eSPDI/OpenCL/x86_64/include/cl_dx9_media_sharing_intel.h
-- Up-to-date symlink: /home/kb/Anveshika/Anveshika_ws/install/dm_preview/lib//eSPDI/OpenCL/x86_64/include/cl_egl.h
-- Up-to-date symlink: /home/kb/Anveshika/Anveshika_ws/install/dm_preview/lib//eSPDI/OpenCL/x86_64/include/cl_ext.h
-- Up-to-date symlink: /home/kb/Anveshika/Anveshika_ws/install/dm_preview/lib//eSPDI/OpenCL/x86_64/include/cl_ext_intel.h
-- Up-to-date symlink: /home/kb/Anveshika/Anveshika_ws/install/dm_preview/lib//eSPDI/OpenCL/x86_64/include/cl_gl.h
-- Up-to-date symlink: /home/kb/Anveshika/Anveshika_ws/install/dm_preview/lib//eSPDI/OpenCL/x86_64/include/cl_gl_ext.h
-- Up-to-date symlink: /home/kb/Anveshika/Anveshika_ws/install/dm_preview/lib//eSPDI/OpenCL/x86_64/include/cl_half.h
-- Up-to-date symlink: /home/kb/Anveshika/Anveshika_ws/install/dm_preview/lib//eSPDI/OpenCL/x86_64/include/cl_icd.h
-- Up-to-date symlink: /home/kb/Anveshika/Anveshika_ws/install/dm_preview/lib//eSPDI/OpenCL/x86_64/include/cl_platform.h
-- Up-to-date symlink: /home/kb/Anveshika/Anveshika_ws/install/dm_preview/lib//eSPDI/OpenCL/x86_64/include/cl_va_api_media_sharing_intel.h
-- Up-to-date symlink: /home/kb/Anveshika/Anveshika_ws/install/dm_preview/lib//eSPDI/OpenCL/x86_64/include/cl_version.h
-- Up-to-date symlink: /home/kb/Anveshika/Anveshika_ws/install/dm_preview/lib//eSPDI/OpenCL/x86_64/include/opencl.h
-- Up-to-date symlink: /home/kb/Anveshika/Anveshika_ws/install/dm_preview/lib//eSPDI/OpenCL/x86_64/lib/libOpenCL.so
-- Up-to-date symlink: /home/kb/Anveshika/Anveshika_ws/install/dm_preview/lib//eSPDI/OpenCL/x86_64/lib/libOpenCL.so.1
-- Up-to-date symlink: /home/kb/Anveshika/Anveshika_ws/install/dm_preview/lib//eSPDI/OpenCL/x86_64/lib/libOpenCL.so.1.2
-- Up-to-date symlink: /home/kb/Anveshika/Anveshika_ws/install/dm_preview/lib//eSPDI/eSPDI.h
-- Up-to-date symlink: /home/kb/Anveshika/Anveshika_ws/install/dm_preview/lib//eSPDI/eSPDI_def.h
-- Up-to-date symlink: /home/kb/Anveshika/Anveshika_ws/install/dm_preview/lib//eSPDI/eSPDI_version.h
-- Up-to-date symlink: /home/kb/Anveshika/Anveshika_ws/install/dm_preview/lib//eSPDI/libeSPDI_NVIDIA_64.so
-- Up-to-date symlink: /home/kb/Anveshika/Anveshika_ws/install/dm_preview/lib//eSPDI/libeSPDI_NVIDIA_64.so.5.0.1.37
-- Up-to-date symlink: /home/kb/Anveshika/Anveshika_ws/install/dm_preview/lib//eSPDI/libeSPDI_X86_64.so
-- Up-to-date symlink: /home/kb/Anveshika/Anveshika_ws/install/dm_preview/lib//eSPDI/libeSPDI_X86_64.so.5.0.1.37
-- Up-to-date symlink: /home/kb/Anveshika/Anveshika_ws/install/dm_preview/lib//eSPDI/self_calibration/Debug/Self_Calibration_API/aarch64/include/Self_Calibration_API.h
-- Up-to-date symlink: /home/kb/Anveshika/Anveshika_ws/install/dm_preview/lib//eSPDI/self_calibration/Debug/Self_Calibration_API/aarch64/lib/libSelf_Calibration_API.so
-- Up-to-date symlink: /home/kb/Anveshika/Anveshika_ws/install/dm_preview/lib//eSPDI/self_calibration/Debug/Self_Calibration_API/aarch64/lib/libSelf_Calibration_API.so.76613ba
-- Up-to-date symlink: /home/kb/Anveshika/Anveshika_ws/install/dm_preview/lib//eSPDI/self_calibration/Debug/Self_Calibration_API/x86_64/include/Self_Calibration_API.h
-- Up-to-date symlink: /home/kb/Anveshika/Anveshika_ws/install/dm_preview/lib//eSPDI/self_calibration/Debug/Self_Calibration_API/x86_64/lib/libSelf_Calibration_API.so
-- Up-to-date symlink: /home/kb/Anveshika/Anveshika_ws/install/dm_preview/lib//eSPDI/self_calibration/Debug/Self_Calibration_API/x86_64/lib/libSelf_Calibration_API.so.76613ba
-- Up-to-date symlink: /home/kb/Anveshika/Anveshika_ws/install/dm_preview/lib//eSPDI/self_calibration/Self_Calibration_API/aarch64/include/Self_Calibration_API.h
-- Up-to-date symlink: /home/kb/Anveshika/Anveshika_ws/install/dm_preview/lib//eSPDI/self_calibration/Self_Calibration_API/aarch64/lib/libSelf_Calibration_API.so
-- Up-to-date symlink: /home/kb/Anveshika/Anveshika_ws/install/dm_preview/lib//eSPDI/self_calibration/Self_Calibration_API/aarch64/lib/libSelf_Calibration_API.so.76613ba
-- Up-to-date symlink: /home/kb/Anveshika/Anveshika_ws/install/dm_preview/lib//eSPDI/self_calibration/Self_Calibration_API/x86_64/include/Self_Calibration_API.h
-- Up-to-date symlink: /home/kb/Anveshika/Anveshika_ws/install/dm_preview/lib//eSPDI/self_calibration/Self_Calibration_API/x86_64/lib/libSelf_Calibration_API.so
-- Up-to-date symlink: /home/kb/Anveshika/Anveshika_ws/install/dm_preview/lib//eSPDI/self_calibration/Self_Calibration_API/x86_64/lib/libSelf_Calibration_API.so.76613ba
-- Up-to-date symlink: /home/kb/Anveshika/Anveshika_ws/install/dm_preview/lib//eSPDI/thermal/x86_64/include/mapping.h
-- Up-to-date symlink: /home/kb/Anveshika/Anveshika_ws/install/dm_preview/lib//eSPDI/thermal/x86_64/include/measure.h
-- Up-to-date symlink: /home/kb/Anveshika/Anveshika_ws/install/dm_preview/lib//eSPDI/thermal/x86_64/lib/libMapping.a
-- Up-to-date symlink: /home/kb/Anveshika/Anveshika_ws/install/dm_preview/lib//eSPDI/thermal/x86_64/lib/libMeasure.a
-- Up-to-date symlink: /home/kb/Anveshika/Anveshika_ws/install/dm_preview/lib//libeys3d.NVIDIA_64.so
-- Up-to-date symlink: /home/kb/Anveshika/Anveshika_ws/install/dm_preview/lib//libeys3d.NVIDIA_64.so.d5be8506
-- Up-to-date symlink: /home/kb/Anveshika/Anveshika_ws/install/dm_preview/lib//libeys3d.X86_64.so
-- Up-to-date symlink: /home/kb/Anveshika/Anveshika_ws/install/dm_preview/lib//libeys3d.X86_64.so.d5be8506
-- Up-to-date symlink: /home/kb/Anveshika/Anveshika_ws/install/dm_preview/include/dm_preview//apc_camera_component.hpp
-- Up-to-date symlink: /home/kb/Anveshika/Anveshika_ws/install/dm_preview/include/dm_preview//types_calib.h
-- Up-to-date symlink: /home/kb/Anveshika/Anveshika_ws/install/dm_preview/include/dm_preview//versionInfo.h
-- Up-to-date symlink: /home/kb/Anveshika/Anveshika_ws/install/dm_preview/include/dm_preview//APC.def
-- Up-to-date symlink: /home/kb/Anveshika/Anveshika_ws/install/dm_preview/include/dm_preview//APC_unity.def
-- Up-to-date symlink: /home/kb/Anveshika/Anveshika_ws/install/dm_preview/include/dm_preview//Constants.h
-- Up-to-date symlink: /home/kb/Anveshika/Anveshika_ws/install/dm_preview/include/dm_preview//DMPreview_utility/ColorPaletteGenerator.h
-- Up-to-date symlink: /home/kb/Anveshika/Anveshika_ws/install/dm_preview/include/dm_preview//DMPreview_utility/IMU/IMU_Filter/IMUFilter.h
-- Up-to-date symlink: /home/kb/Anveshika/Anveshika_ws/install/dm_preview/include/dm_preview//DMPreview_utility/IMU/IMU_Filter/IMUFilter_Complementary.h
-- Up-to-date symlink: /home/kb/Anveshika/Anveshika_ws/install/dm_preview/include/dm_preview//DMPreview_utility/IMU/IMU_Filter/Quaternion1.h
-- Up-to-date symlink: /home/kb/Anveshika/Anveshika_ws/install/dm_preview/include/dm_preview//DMPreview_utility/IMU/IMU_Filter/quaternion.h
-- Up-to-date symlink: /home/kb/Anveshika/Anveshika_ws/install/dm_preview/include/dm_preview//DMPreview_utility/IMUData.h
-- Up-to-date symlink: /home/kb/Anveshika/Anveshika_ws/install/dm_preview/include/dm_preview//DMPreview_utility/ModeConfig.h
-- Up-to-date symlink: /home/kb/Anveshika/Anveshika_ws/install/dm_preview/include/dm_preview//DMPreview_utility/ModeConfigOptions.h
-- Up-to-date symlink: /home/kb/Anveshika/Anveshika_ws/install/dm_preview/include/dm_preview//DMPreview_utility/PlyFilter.h
-- Up-to-date symlink: /home/kb/Anveshika/Anveshika_ws/install/dm_preview/include/dm_preview//DMPreview_utility/PlyWriter.h
-- Up-to-date symlink: /home/kb/Anveshika/Anveshika_ws/install/dm_preview/include/dm_preview//DMPreview_utility/RegisterSettings.h
-- Up-to-date symlink: /home/kb/Anveshika/Anveshika_ws/install/dm_preview/include/dm_preview//DMPreview_utility/hidapi/hidapi.h
-- Up-to-date symlink: /home/kb/Anveshika/Anveshika_ws/install/dm_preview/include/dm_preview//DMPreview_utility/sqlite3/sqlite3.h
-- Up-to-date symlink: /home/kb/Anveshika/Anveshika_ws/install/dm_preview/include/dm_preview//DMPreview_utility/sqlite3/sqlite3ext.h
-- Up-to-date symlink: /home/kb/Anveshika/Anveshika_ws/install/dm_preview/include/dm_preview//DMPreview_utility/utImageProcessingUtility.h
-- Up-to-date symlink: /home/kb/Anveshika/Anveshika_ws/install/dm_preview/include/dm_preview//DebugCPP.hpp
-- Up-to-date symlink: /home/kb/Anveshika/Anveshika_ws/install/dm_preview/include/dm_preview//EYS3DSystem.h
-- Up-to-date symlink: /home/kb/Anveshika/Anveshika_ws/install/dm_preview/include/dm_preview//EYS3DSystem_def.h
-- Up-to-date symlink: /home/kb/Anveshika/Anveshika_ws/install/dm_preview/include/dm_preview//UnityBinder.h
-- Up-to-date symlink: /home/kb/Anveshika/Anveshika_ws/install/dm_preview/include/dm_preview//VersionInfo.rc.in
-- Up-to-date symlink: /home/kb/Anveshika/Anveshika_ws/install/dm_preview/include/dm_preview//base/Compiler.h
-- Up-to-date symlink: /home/kb/Anveshika/Anveshika_ws/install/dm_preview/include/dm_preview//base/EnumFlags.h
-- Up-to-date symlink: /home/kb/Anveshika/Anveshika_ws/install/dm_preview/include/dm_preview//base/Optional.h
-- Up-to-date symlink: /home/kb/Anveshika/Anveshika_ws/install/dm_preview/include/dm_preview//base/TypeTraits.h
-- Up-to-date symlink: /home/kb/Anveshika/Anveshika_ws/install/dm_preview/include/dm_preview//base/memory/LazyInstance.h
-- Up-to-date symlink: /home/kb/Anveshika/Anveshika_ws/install/dm_preview/include/dm_preview//base/synchronization/ConditionVariable.h
-- Up-to-date symlink: /home/kb/Anveshika/Anveshika_ws/install/dm_preview/include/dm_preview//base/synchronization/Event.h
-- Up-to-date symlink: /home/kb/Anveshika/Anveshika_ws/install/dm_preview/include/dm_preview//base/synchronization/Lock.h
-- Up-to-date symlink: /home/kb/Anveshika/Anveshika_ws/install/dm_preview/include/dm_preview//base/synchronization/MessageChannel.h
-- Up-to-date symlink: /home/kb/Anveshika/Anveshika_ws/install/dm_preview/include/dm_preview//base/threads/Async.h
-- Up-to-date symlink: /home/kb/Anveshika/Anveshika_ws/install/dm_preview/include/dm_preview//base/threads/FunctorThread.h
-- Up-to-date symlink: /home/kb/Anveshika/Anveshika_ws/install/dm_preview/include/dm_preview//base/threads/Thread.h
-- Up-to-date symlink: /home/kb/Anveshika/Anveshika_ws/install/dm_preview/include/dm_preview//base/threads/ThreadPool.h
-- Up-to-date symlink: /home/kb/Anveshika/Anveshika_ws/install/dm_preview/include/dm_preview//base/threads/ThreadStore.h
-- Up-to-date symlink: /home/kb/Anveshika/Anveshika_ws/install/dm_preview/include/dm_preview//base/threads/Types.h
-- Up-to-date symlink: /home/kb/Anveshika/Anveshika_ws/install/dm_preview/include/dm_preview//base/threads/WorkerThread.h
-- Up-to-date symlink: /home/kb/Anveshika/Anveshika_ws/install/dm_preview/include/dm_preview//cgroup.h
-- Up-to-date symlink: /home/kb/Anveshika/Anveshika_ws/install/dm_preview/include/dm_preview//debug.h
-- Up-to-date symlink: /home/kb/Anveshika/Anveshika_ws/install/dm_preview/include/dm_preview//devices/CameraDevice.h
-- Up-to-date symlink: /home/kb/Anveshika/Anveshika_ws/install/dm_preview/include/dm_preview//devices/CameraDevice_8036.h
-- Up-to-date symlink: /home/kb/Anveshika/Anveshika_ws/install/dm_preview/include/dm_preview//devices/CameraDevice_80362.h
-- Up-to-date symlink: /home/kb/Anveshika/Anveshika_ws/install/dm_preview/include/dm_preview//devices/CameraDevice_8037.h
-- Up-to-date symlink: /home/kb/Anveshika/Anveshika_ws/install/dm_preview/include/dm_preview//devices/CameraDevice_8052.h
-- Up-to-date symlink: /home/kb/Anveshika/Anveshika_ws/install/dm_preview/include/dm_preview//devices/CameraDevice_8053.h
-- Up-to-date symlink: /home/kb/Anveshika/Anveshika_ws/install/dm_preview/include/dm_preview//devices/CameraDevice_8059.h
-- Up-to-date symlink: /home/kb/Anveshika/Anveshika_ws/install/dm_preview/include/dm_preview//devices/CameraDevice_8062.h
-- Up-to-date symlink: /home/kb/Anveshika/Anveshika_ws/install/dm_preview/include/dm_preview//devices/CameraDevice_8067.h
-- Up-to-date symlink: /home/kb/Anveshika/Anveshika_ws/install/dm_preview/include/dm_preview//devices/CameraDevice_8073.h
-- Up-to-date symlink: /home/kb/Anveshika/Anveshika_ws/install/dm_preview/include/dm_preview//devices/CameraDevice_8081.h
-- Up-to-date symlink: /home/kb/Anveshika/Anveshika_ws/install/dm_preview/include/dm_preview//devices/CameraDevice_Hypatia.h
-- Up-to-date symlink: /home/kb/Anveshika/Anveshika_ws/install/dm_preview/include/dm_preview//devices/CameraDevice_Hypatia2.h
-- Up-to-date symlink: /home/kb/Anveshika/Anveshika_ws/install/dm_preview/include/dm_preview//devices/CameraDevice_Stacy.h
-- Up-to-date symlink: /home/kb/Anveshika/Anveshika_ws/install/dm_preview/include/dm_preview//devices/CameraDevice_StacyJunior.h
-- Up-to-date symlink: /home/kb/Anveshika/Anveshika_ws/install/dm_preview/include/dm_preview//devices/FrameSetPipeline.h
-- Up-to-date symlink: /home/kb/Anveshika/Anveshika_ws/install/dm_preview/include/dm_preview//devices/IMUDevice.h
-- Up-to-date symlink: /home/kb/Anveshika/Anveshika_ws/install/dm_preview/include/dm_preview//devices/IMUDevice_8062.h
-- Up-to-date symlink: /home/kb/Anveshika/Anveshika_ws/install/dm_preview/include/dm_preview//devices/MemoryAllocator.h
-- Up-to-date symlink: /home/kb/Anveshika/Anveshika_ws/install/dm_preview/include/dm_preview//devices/Pipeline.h
-- Up-to-date symlink: /home/kb/Anveshika/Anveshika_ws/install/dm_preview/include/dm_preview//devices/controller/RegisterReadWriteController.h
-- Up-to-date symlink: /home/kb/Anveshika/Anveshika_ws/install/dm_preview/include/dm_preview//devices/model/CameraDeviceProperties.h
-- Up-to-date symlink: /home/kb/Anveshika/Anveshika_ws/install/dm_preview/include/dm_preview//devices/model/DepthAccuracyOptions.h
-- Up-to-date symlink: /home/kb/Anveshika/Anveshika_ws/install/dm_preview/include/dm_preview//devices/model/DepthFilterOptions.h
-- Up-to-date symlink: /home/kb/Anveshika/Anveshika_ws/install/dm_preview/include/dm_preview//devices/model/IRProperty.h
-- Up-to-date symlink: /home/kb/Anveshika/Anveshika_ws/install/dm_preview/include/dm_preview//devices/model/PostProcessOptions.h
-- Up-to-date symlink: /home/kb/Anveshika/Anveshika_ws/install/dm_preview/include/dm_preview//devices/model/RegisterReadWriteOptions.h
-- Up-to-date symlink: /home/kb/Anveshika/Anveshika_ws/install/dm_preview/include/dm_preview//macros.h
-- Up-to-date symlink: /home/kb/Anveshika/Anveshika_ws/install/dm_preview/include/dm_preview//objectarray.h
-- Up-to-date symlink: /home/kb/Anveshika/Anveshika_ws/install/dm_preview/include/dm_preview//sensors/IMUDataProducer.h
-- Up-to-date symlink: /home/kb/Anveshika/Anveshika_ws/install/dm_preview/include/dm_preview//sensors/SensorData.h
-- Up-to-date symlink: /home/kb/Anveshika/Anveshika_ws/install/dm_preview/include/dm_preview//sensors/SensorDataProducer.h
-- Up-to-date symlink: /home/kb/Anveshika/Anveshika_ws/install/dm_preview/include/dm_preview//single_consumer_queue.h
-- Up-to-date symlink: /home/kb/Anveshika/Anveshika_ws/install/dm_preview/include/dm_preview//unity_debug.h
-- Up-to-date symlink: /home/kb/Anveshika/Anveshika_ws/install/dm_preview/include/dm_preview//utils.h
-- Up-to-date symlink: /home/kb/Anveshika/Anveshika_ws/install/dm_preview/include/dm_preview//version_utils.h
-- Up-to-date symlink: /home/kb/Anveshika/Anveshika_ws/install/dm_preview/include/dm_preview//video/ColorFrameProducer.h
-- Up-to-date symlink: /home/kb/Anveshika/Anveshika_ws/install/dm_preview/include/dm_preview//video/ColorProcessHandle.h
-- Up-to-date symlink: /home/kb/Anveshika/Anveshika_ws/install/dm_preview/include/dm_preview//video/DepthFrameProducer.h
-- Up-to-date symlink: /home/kb/Anveshika/Anveshika_ws/install/dm_preview/include/dm_preview//video/Frame.h
-- Up-to-date symlink: /home/kb/Anveshika/Anveshika_ws/install/dm_preview/include/dm_preview//video/FrameProducer.h
-- Up-to-date symlink: /home/kb/Anveshika/Anveshika_ws/install/dm_preview/include/dm_preview//video/FrameSet.h
-- Up-to-date symlink: /home/kb/Anveshika/Anveshika_ws/install/dm_preview/include/dm_preview//video/GeneralFrame.h
-- Up-to-date symlink: /home/kb/Anveshika/Anveshika_ws/install/dm_preview/include/dm_preview//video/GuestReadbackWorker.h
-- Up-to-date symlink: /home/kb/Anveshika/Anveshika_ws/install/dm_preview/include/dm_preview//video/IImageProcess.h
-- Up-to-date symlink: /home/kb/Anveshika/Anveshika_ws/install/dm_preview/include/dm_preview//video/PCFrame.h
-- Up-to-date symlink: /home/kb/Anveshika/Anveshika_ws/install/dm_preview/include/dm_preview//video/PCFrameProducer.h
-- Up-to-date symlink: /home/kb/Anveshika/Anveshika_ws/install/dm_preview/include/dm_preview//video/PCProducer.h
-- Up-to-date symlink: /home/kb/Anveshika/Anveshika_ws/install/dm_preview/include/dm_preview//video/PostProcessHandle.h
-- Up-to-date symlink: /home/kb/Anveshika/Anveshika_ws/install/dm_preview/include/dm_preview//video/Producer.h
-- Up-to-date symlink: /home/kb/Anveshika/Anveshika_ws/install/dm_preview/include/dm_preview//video/coders.h
-- Up-to-date symlink: /home/kb/Anveshika/Anveshika_ws/install/dm_preview/include/dm_preview//video/eYs3D.h
-- Up-to-date symlink: /home/kb/Anveshika/Anveshika_ws/install/dm_preview/include/dm_preview//video/factory.h
-- Up-to-date symlink: /home/kb/Anveshika/Anveshika_ws/install/dm_preview/include/dm_preview//video/pc_coders.h
-- Up-to-date symlink: /home/kb/Anveshika/Anveshika_ws/install/dm_preview/include/dm_preview//video/video.h
-- Up-to-date symlink: /home/kb/Anveshika/Anveshika_ws/install/dm_preview/include/dm_preview//ColorPaletteGenerator.h
-- Up-to-date symlink: /home/kb/Anveshika/Anveshika_ws/install/dm_preview/include/dm_preview//IMU/IMU_Filter/IMUFilter.h
-- Up-to-date symlink: /home/kb/Anveshika/Anveshika_ws/install/dm_preview/include/dm_preview//IMU/IMU_Filter/IMUFilter_Complementary.h
-- Up-to-date symlink: /home/kb/Anveshika/Anveshika_ws/install/dm_preview/include/dm_preview//IMU/IMU_Filter/Quaternion1.h
-- Up-to-date symlink: /home/kb/Anveshika/Anveshika_ws/install/dm_preview/include/dm_preview//IMU/IMU_Filter/quaternion.h
-- Up-to-date symlink: /home/kb/Anveshika/Anveshika_ws/install/dm_preview/include/dm_preview//IMUData.h
-- Up-to-date symlink: /home/kb/Anveshika/Anveshika_ws/install/dm_preview/include/dm_preview//ModeConfig.h
-- Up-to-date symlink: /home/kb/Anveshika/Anveshika_ws/install/dm_preview/include/dm_preview//ModeConfigOptions.h
-- Up-to-date symlink: /home/kb/Anveshika/Anveshika_ws/install/dm_preview/include/dm_preview//PlyFilter.h
-- Up-to-date symlink: /home/kb/Anveshika/Anveshika_ws/install/dm_preview/include/dm_preview//PlyWriter.h
-- Up-to-date symlink: /home/kb/Anveshika/Anveshika_ws/install/dm_preview/include/dm_preview//RegisterSettings.h
-- Up-to-date symlink: /home/kb/Anveshika/Anveshika_ws/install/dm_preview/include/dm_preview//hidapi/hidapi.h
-- Up-to-date symlink: /home/kb/Anveshika/Anveshika_ws/install/dm_preview/include/dm_preview//sqlite3/sqlite3.h
-- Up-to-date symlink: /home/kb/Anveshika/Anveshika_ws/install/dm_preview/include/dm_preview//sqlite3/sqlite3ext.h
-- Up-to-date symlink: /home/kb/Anveshika/Anveshika_ws/install/dm_preview/include/dm_preview//utImageProcessingUtility.h
-- Up-to-date symlink: /home/kb/Anveshika/Anveshika_ws/install/dm_preview/share/dm_preview/launch/apc_camera_launch.py
-- Up-to-date symlink: /home/kb/Anveshika/Anveshika_ws/install/dm_preview/share/dm_preview/rviz/apc.rviz
-- Up-to-date symlink: /home/kb/Anveshika/Anveshika_ws/install/dm_preview/../..//eYs3D/cfg/DM_Quality_Cfg/DEFAULT_DM_Quality_Register_Setting.cfg
-- Up-to-date symlink: /home/kb/Anveshika/Anveshika_ws/install/dm_preview/../..//eYs3D/cfg/DM_Quality_Cfg/EX8036_DM_Quality_Register_Setting.cfg
-- Up-to-date symlink: /home/kb/Anveshika/Anveshika_ws/install/dm_preview/../..//eYs3D/cfg/DM_Quality_Cfg/EX8037_DM_Quality_Register_Setting.cfg
-- Up-to-date symlink: /home/kb/Anveshika/Anveshika_ws/install/dm_preview/../..//eYs3D/cfg/DM_Quality_Cfg/EX8038_BL15cm_DM_Quality_Register_Setting.cfg
-- Up-to-date symlink: /home/kb/Anveshika/Anveshika_ws/install/dm_preview/../..//eYs3D/cfg/DM_Quality_Cfg/EX8038_BL3cm_DM_Quality_Register_Setting.cfg
-- Up-to-date symlink: /home/kb/Anveshika/Anveshika_ws/install/dm_preview/../..//eYs3D/cfg/DM_Quality_Cfg/EX8038_BL6cm_DM_Quality_Register_Setting.cfg
-- Up-to-date symlink: /home/kb/Anveshika/Anveshika_ws/install/dm_preview/../..//eYs3D/cfg/DM_Quality_Cfg/EX8040S_DM_Quality_Register_Setting.cfg
-- Up-to-date symlink: /home/kb/Anveshika/Anveshika_ws/install/dm_preview/../..//eYs3D/cfg/DM_Quality_Cfg/EX8052_DM_Quality_Register_Setting.cfg
-- Up-to-date symlink: /home/kb/Anveshika/Anveshika_ws/install/dm_preview/../..//eYs3D/cfg/DM_Quality_Cfg/EX8053_DM_Quality_Register_Setting.cfg
-- Up-to-date symlink: /home/kb/Anveshika/Anveshika_ws/install/dm_preview/../..//eYs3D/cfg/DM_Quality_Cfg/EX8054_DM_Quality_Register_Setting.cfg
-- Up-to-date symlink: /home/kb/Anveshika/Anveshika_ws/install/dm_preview/../..//eYs3D/cfg/DM_Quality_Cfg/HYPATIA2_DM_Quality_Register_Setting.cfg
-- Up-to-date symlink: /home/kb/Anveshika/Anveshika_ws/install/dm_preview/../..//eYs3D/cfg/DM_Quality_Cfg/HYPATIA_DM_Quality_Register_Setting.cfg
-- Up-to-date symlink: /home/kb/Anveshika/Anveshika_ws/install/dm_preview/../..//eYs3D/cfg/DM_Quality_Cfg/IVY2_DM_Quality_Register_Setting.cfg
-- Up-to-date symlink: /home/kb/Anveshika/Anveshika_ws/install/dm_preview/../..//eYs3D/cfg/DM_Quality_Cfg/IVY_DM_Quality_Register_Setting.cfg
-- Up-to-date symlink: /home/kb/Anveshika/Anveshika_ws/install/dm_preview/../..//eYs3D/cfg/DM_Quality_Cfg/NORA_DM_Quality_Register_Setting.cfg
-- Up-to-date symlink: /home/kb/Anveshika/Anveshika_ws/install/dm_preview/../..//eYs3D/cfg/DM_Quality_Cfg/ORANGEITRI_DM_Quality_Register_Setting.cfg
-- Up-to-date symlink: /home/kb/Anveshika/Anveshika_ws/install/dm_preview/../..//eYs3D/cfg/DM_Quality_Cfg/SANDRA_DM_Quality_Register_Setting.cfg
-- Up-to-date symlink: /home/kb/Anveshika/Anveshika_ws/install/dm_preview/../..//eYs3D/cfg/DM_Quality_Cfg/YX80362_DM_Quality_Register_Setting.cfg
-- Up-to-date symlink: /home/kb/Anveshika/Anveshika_ws/install/dm_preview/../..//eYs3D/cfg/DM_Quality_Cfg/YX8059_DM_Quality_Register_Setting.cfg
-- Up-to-date symlink: /home/kb/Anveshika/Anveshika_ws/install/dm_preview/../..//eYs3D/cfg/DM_Quality_Cfg/YX8062_DM_Quality_Register_Setting.cfg
-- Up-to-date symlink: /home/kb/Anveshika/Anveshika_ws/install/dm_preview/../..//eYs3D/cfg/DM_Quality_Cfg/YX8063_DM_Quality_Register_Setting.cfg
-- Up-to-date symlink: /home/kb/Anveshika/Anveshika_ws/install/dm_preview/../..//eYs3D/cfg/DM_Quality_Cfg/YX8076_DM_Quality_Register_Setting.cfg
-- Up-to-date symlink: /home/kb/Anveshika/Anveshika_ws/install/dm_preview/../..//eYs3D/cfg/DM_Quality_Cfg/YX8081_DM_Quality_Register_Setting.cfg
-- Up-to-date symlink: /home/kb/Anveshika/Anveshika_ws/install/dm_preview/../..//eYs3D/cfg/ModeConfig.db
-- Up-to-date symlink: /home/kb/Anveshika/Anveshika_ws/install/dm_preview/../..//eYs3D/cfg/SWPP.cfg
-- Up-to-date symlink: /home/kb/Anveshika/Anveshika_ws/install/dm_preview/../..//eYs3D/cfg/libeYs3D.log.config
-- Up-to-date symlink: /home/kb/Anveshika/Anveshika_ws/install/dm_preview/../..//eYs3D/cfg/libeYs3D_win.log.config
-- Up-to-date symlink: /home/kb/Anveshika/Anveshika_ws/install/dm_preview/share/dm_preview/config/common.yaml
-- Up-to-date symlink: /home/kb/Anveshika/Anveshika_ws/install/dm_preview/share/dm_preview/environment/library_path.sh
-- Up-to-date symlink: /home/kb/Anveshika/Anveshika_ws/install/dm_preview/share/dm_preview/environment/library_path.dsv
-- Up-to-date symlink: /home/kb/Anveshika/Anveshika_ws/install/dm_preview/share/ament_index/resource_index/package_run_dependencies/dm_preview
-- Up-to-date symlink: /home/kb/Anveshika/Anveshika_ws/install/dm_preview/share/ament_index/resource_index/parent_prefix_path/dm_preview
-- Up-to-date symlink: /home/kb/Anveshika/Anveshika_ws/install/dm_preview/share/dm_preview/environment/ament_prefix_path.sh
-- Up-to-date symlink: /home/kb/Anveshika/Anveshika_ws/install/dm_preview/share/dm_preview/environment/ament_prefix_path.dsv
-- Up-to-date symlink: /home/kb/Anveshika/Anveshika_ws/install/dm_preview/share/dm_preview/environment/path.sh
-- Up-to-date symlink: /home/kb/Anveshika/Anveshika_ws/install/dm_preview/share/dm_preview/environment/path.dsv
-- Up-to-date symlink: /home/kb/Anveshika/Anveshika_ws/install/dm_preview/share/dm_preview/local_setup.bash
-- Up-to-date symlink: /home/kb/Anveshika/Anveshika_ws/install/dm_preview/share/dm_preview/local_setup.sh
-- Up-to-date symlink: /home/kb/Anveshika/Anveshika_ws/install/dm_preview/share/dm_preview/local_setup.zsh
-- Up-to-date symlink: /home/kb/Anveshika/Anveshika_ws/install/dm_preview/share/dm_preview/local_setup.dsv
-- Symlinking: /home/kb/Anveshika/Anveshika_ws/install/dm_preview/share/dm_preview/package.dsv
-- Up-to-date symlink: /home/kb/Anveshika/Anveshika_ws/install/dm_preview/share/ament_index/resource_index/packages/dm_preview
-- Up-to-date symlink: /home/kb/Anveshika/Anveshika_ws/install/dm_preview/share/ament_index/resource_index/rclcpp_components/dm_preview
-- Up-to-date symlink: /home/kb/Anveshika/Anveshika_ws/install/dm_preview/share/dm_preview/cmake/ament_cmake_export_include_directories-extras.cmake
-- Up-to-date symlink: /home/kb/Anveshika/Anveshika_ws/install/dm_preview/share/dm_preview/cmake/ament_cmake_export_libraries-extras.cmake
-- Up-to-date symlink: /home/kb/Anveshika/Anveshika_ws/install/dm_preview/share/dm_preview/cmake/ament_cmake_export_dependencies-extras.cmake
-- Up-to-date symlink: /home/kb/Anveshika/Anveshika_ws/install/dm_preview/share/dm_preview/cmake/dm_previewConfig.cmake
-- Up-to-date symlink: /home/kb/Anveshika/Anveshika_ws/install/dm_preview/share/dm_preview/cmake/dm_previewConfig-version.cmake
-- Up-to-date symlink: /home/kb/Anveshika/Anveshika_ws/install/dm_preview/share/dm_preview/package.xml
